"drag_coeff-rfile"
"Iteration" "drag_coeff"
("Iteration" "drag_coeff")
1 1.130457487704398
2 1.683603363670498
3 1.622064853324546
4 1.547853314028956
5 1.455630421550971
6 1.366853706345483
7 1.274916670146738
8 1.191879589688837
9 1.121356883148375
10 1.063387096949896
11 1.017145385690634
12 0.9843911418676055
13 0.9573978887500814
14 0.9368666653989243
15 0.9216362707490179
16 0.9078354523949007
17 0.8985493501027235
18 0.8912686802573154
19 0.8838673582711152
20 0.8798155683201914
21 0.8733917168228026
22 0.8692031825010769
23 0.8694145040642272
24 0.8683061803647636
25 0.8710969507719913
26 0.8754274988650463
27 0.8770987030085423
28 0.8809492406339207
29 0.8838332539913601
30 0.8895794481924504
31 0.890956268150458
32 0.8929405023397233
33 0.8938667900830711
34 0.8947088647766314
35 0.8973078236854387
36 0.9003996264248703
37 0.9018856611530897
38 0.9032991345052666
39 0.9039116701760873
40 0.9062637098881199
41 0.9064787368660862
42 0.9072790681441875
43 0.9080261528326317
44 0.911485391132593
45 0.911929337849424
46 0.9151341588629145
47 0.912272924617652
48 0.9114868605516627
49 0.9106976792727915
50 0.9096983210912729
51 0.9114574724937474
52 0.9095640479320848
53 0.9096836410198553
54 0.9092104660056824
55 0.9079466201349918
56 0.9062998743458702
57 0.9060402793529903
58 0.9061124970876735
59 0.906850547607665
60 0.9046095576016854
61 0.9050014499791604
62 0.9049640207252445
63 0.904276856759939
64 0.9044446188817695
65 0.9062488177897177
66 0.9067184260164747
67 0.9098472584465793
68 0.9070784801811189
69 0.9072799264728975
70 0.9073342153831648
71 0.9043245056533438
72 0.9068850883628917
73 0.9076764468840858
74 0.9062490160485172
75 0.9077358430283043
76 0.9081154551755248
77 0.9074494203249873
78 0.9080235742132726
79 0.9054057705246323
80 0.9065887706603087
81 0.907347636400866
82 0.9069641441864627
83 0.9063069752061251
84 0.9067645509765989
85 0.9085402452778568
86 0.9097854496584423
87 0.9063832829030382
88 0.907701931840428
89 0.9097979209083283
90 0.9100843365741241
91 0.9128304254873666
92 0.9079404801467917
93 0.9067142683694294
94 0.9059024379164917
95 0.9042753096806004
96 0.9062467208240161
97 0.9064038514565663
98 0.9081278887031919
99 0.9104786553475006
100 0.9078215044147467
101 0.9087661116502684
102 0.9078109091022571
103 0.9074419410059374
104 0.907858499803447
105 0.9081881052002432
106 0.9101907010139146
107 0.9076089523544576
108 0.9095190631554336
109 0.9109040055793765
110 0.9093322469832785
111 0.9084679199965849
112 0.9106425037722775
113 0.9089622495707954
114 0.9071365671112894
115 0.908040045945275
116 0.9084183408699311
117 0.9086448592076781
118 0.909691784460823
119 0.9087829645068991
120 0.9100924691676144
121 0.9085848771073755
122 0.9089666205747207
123 0.9076690753443724
124 0.9066643262112647
125 0.9064334172186246
126 0.9071935662820326
127 0.9093606422006962
128 0.9092097073422193
129 0.9074204318696694
130 0.9063682106408157
131 0.9078530861053073
132 0.9099916917200497
133 0.9097044056744942
134 0.9082428745899351
135 0.9096067147304494
136 0.9096817820004947
137 0.9093453872203611
138 0.9129938176404391
139 0.9098308809080546
140 0.910166174640752
141 0.9094410568515592
142 0.9079008803616424
143 0.9095284836170795
144 0.9087380618652519
145 0.9092866257866904
146 0.9110982511428664
147 0.9108900285588782
148 0.9095674242698559
149 0.9090177986241181
150 0.908815262220485
151 0.9088467177419165
152 0.9109166987220374
153 0.9081904732265995
154 0.909209189365068
155 0.9088323659201588
156 0.908838111080676
157 0.9110931538371742
158 0.9092845077416066
159 0.9084453568689913
160 0.9084998841264657
161 0.9078220810846787
162 0.9080537726333689
163 0.9087385505956649
164 0.90880744472625
165 0.909246215942654
166 0.9106460772991424
167 0.9113394663036195
168 0.9110728473843658
169 0.9092421415980561
170 0.9072668821390718
171 0.9085707899928691
172 0.9080883236814238
173 0.9094101378883909
174 0.9109462996586836
175 0.9097796552829519
176 0.909473281535745
177 0.9106586237767026
178 0.9105050672958096
179 0.9072315605790048
180 0.9097013090071915
181 0.9111382502001387
182 0.909142399338248
183 0.9098394687893777
184 0.9098716246970707
185 0.9094027736442405
186 0.9089602555926922
187 0.9089615044470243
188 0.9091020440488091
189 0.9072220206954188
190 0.9073942576822095
191 0.9074266187827967
192 0.9083028559378284
193 0.9085417608143321
194 0.9100278104972955
195 0.9109620958286699
196 0.9106739923499247
197 0.9107761326256854
198 0.9102939257595207
199 0.9090504821112116
200 0.9104388864455321
201 0.9127682929495893
202 0.9099514191223704
203 0.9082438166536424
204 0.9096141839569345
205 0.9082133408478806
206 0.9090677205797457
207 0.9074185663639578
208 0.9077669504938037
209 0.9078389520593253
210 0.9085865238022259
211 0.9093795001284852
212 0.9112784027927955
213 0.9089897589524661
214 0.9096365776273287
215 0.9095855264485042
216 0.911234978222622
217 0.9086240800933066
218 0.9101290750179006
219 0.9115745462221382
220 0.9113327332242487
221 0.9124736041917911
222 0.9098186226742988
223 0.911170461656162
224 0.9106835771770571
225 0.9092539806198948
226 0.9099601854329558
227 0.9107744595041526
228 0.9121315184152418
229 0.9096046336654472
230 0.9091265896219682
231 0.9083423991528109
232 0.9101718583410707
233 0.9097292377370298
234 0.9072032391307169
235 0.9089516805093421
236 0.9121367712359533
237 0.9092399882679041
238 0.9086337422567321
239 0.9087902642650384
240 0.9088118450051725
241 0.91098989592971
242 0.9089070916704466
243 0.9088710804356241
244 0.9091778390628841
245 0.9108139013047479
246 0.9122132999658904
247 0.9110896616063938
248 0.9111710303753219
249 0.9074818365471168
250 0.9080176962133358
251 0.9114344374620497
252 0.9091255914974392
253 0.9092305949039505
254 0.9111026531777869
255 0.9089452972822556
256 0.9090387178535383
257 0.910559518671841
258 0.9089455104551717
259 0.908727380315784
260 0.9090241536966066
261 0.910166717743691
262 0.9103246774815412
263 0.9098789176640656
264 0.9060689052417127
265 0.9082696186532679
266 0.9098579188752569
267 0.9105607380817391
268 0.9095738496321789
269 0.9071338585463525
270 0.9084126898622003
271 0.9078039518987625
272 0.9093953435044714
273 0.9107161131192113
274 0.9109044681758861
275 0.9109932657217464
276 0.9076913268469887
277 0.9095487569541755
278 0.9112990037817458
279 0.9101372273628143
280 0.9122916898007755
281 0.9098801639016069
282 0.9107082786505991
283 0.9092693136668857
284 0.911107835357018
285 0.9087394352122478
286 0.9075097364464364
287 0.9086356384550927
288 0.908091358749294
289 0.9101116878890436
290 0.9101154099033985
291 0.9079545946938735
292 0.9114362252154479
293 0.912142775825839
294 0.9122036452877047
295 0.9116307293228426
296 0.908261737792654
297 0.9091367491238079
298 0.9089435113990805
299 0.9090577168416476
300 0.9108630798560855
301 0.9085627303324629
302 0.9087330618856159
303 0.9077942356977665
304 0.9074284151638103
305 0.908531211448533
306 0.9104428712846053
307 0.9095315090064959
308 0.9059451764478021
309 0.9078963927932868
310 0.9107730883307127
311 0.9089511982706968
312 0.9088067701889435
313 0.909055122958747
314 0.9092033148355663
315 0.9116502852727407
316 0.9093470964024898
317 0.9083844831567367
318 0.9077909907335766
319 0.9077555785828498
320 0.9083736212984269
321 0.9090178272092155
322 0.909991980282386
323 0.9107139673921549
324 0.9081384442407299
325 0.908640387521678
326 0.9122350778594401
327 0.9116103016129036
328 0.9112396106049144
329 0.9088076155432004
330 0.9105314034377999
331 0.9100999572149554
332 0.9115782531312479
333 0.911087008353449
334 0.9077229500438981
335 0.9087041606814058
336 0.9102772301641083
337 0.9117347314285074
338 0.9108621606434941
339 0.9080279505085731
340 0.908355667968695
341 0.9101475060530271
342 0.9098056693389028
343 0.9105101175677062
344 0.9140464653247061
345 0.9099711038614948
346 0.9083537682448535
347 0.9108653413388386
348 0.9096352629755866
349 0.9091829237693322
350 0.906660208631404
351 0.9065024587811035
352 0.9087412145264173
353 0.9101796666752735
354 0.9104024108649461
355 0.909717742602551
356 0.9095119442838732
357 0.9096688929138941
358 0.9073814733982425
359 0.9073436587272298
360 0.9067140567771359
361 0.9074975650606293
362 0.9093499923180726
363 0.9098951192454765
364 0.9114750539904427
365 0.9072558149536061
366 0.9088997768606785
367 0.9113264301489942
368 0.9104999979269934
369 0.9082614314088334
370 0.9084075437149425
371 0.9081414876049927
372 0.9090419984861083
373 0.9090469883664436
374 0.9103063427418658
375 0.9095275152713579
376 0.9102069466723933
377 0.9089840155596931
378 0.909798863978967
379 0.9109419457115209
380 0.9104184392644026
381 0.9093016633934838
382 0.9083298416369541
383 0.9077517756737584
384 0.9102655362535611
385 0.9107089492124683
386 0.9105859813495096
387 0.9113492070184014
388 0.9086947510092372
389 0.9093674789465617
390 0.9087940202441143
391 0.9100344830273789
392 0.9136547818041834
393 0.9110023163325819
394 0.9111597419311429
395 0.908708169025035
396 0.9091617646536463
397 0.91168366259852
398 0.9093331537973587
399 0.910728978841904
400 0.9121975136205992
401 0.9124231124203546
402 0.9124397728593191
403 0.9074675929318949
404 0.9093707301556283
405 0.9113966392315117
406 0.9101252933152497
407 0.9100432410753272
408 0.91184547986822
409 0.9106291509012673
410 0.9122703093136468
411 0.9095152185451836
412 0.9101873596426152
413 0.9113048226004039
414 0.9100712723066924
415 0.9120226865052175
416 0.9118493768756262
417 0.9089581234063762
418 0.9062079477491195
419 0.90714162263437
420 0.9072498340461708
421 0.9084527224185239
422 0.9090086593920018
423 0.9098502999800195
424 0.9111811205051776
425 0.9112641636758717
426 0.9103669936229027
427 0.9075434092370349
428 0.9082208100367472
429 0.9110356381818279
430 0.9087217429970917
431 0.9091994656827697
432 0.9118803284560207
433 0.9091598340314605
434 0.9093328744645093
435 0.9102868497281216
436 0.9102603820461634
437 0.9124508002128181
438 0.9095225945211634
439 0.9094390720412293
440 0.9102609631252635
441 0.9109778904561165
442 0.9130942016569672
443 0.9104474170725039
444 0.9101947160986712
445 0.9107697683112853
446 0.9079077354302493
447 0.9097265008771407
448 0.9121973590100364
449 0.9105326472502021
450 0.9108940062409442
451 0.9106210040406764
452 0.9095156106889615
453 0.9106403136035138
454 0.9092522074007647
455 0.9112742407963985
456 0.9104725312307904
457 0.9119689352202138
458 0.9137991510160369
459 0.9112432529122579
460 0.911314129574941
461 0.9111368863191104
462 0.913113384087785
463 0.9095658355940972
464 0.9121522876760211
465 0.9138317708380302
466 0.9135140555507716
467 0.9128317771408909
468 0.9087819540239905
469 0.9086317070449499
470 0.9130219490315264
471 0.9100229781228358
472 0.9090230130969754
473 0.9106731819698669
474 0.9122379374462334
475 0.9101727024817245
476 0.9096577589966734
477 0.9087990234045685
478 0.9114791578263215
479 0.9102567063437138
480 0.9082698716741003
481 0.9069183811068687
482 0.9083736348317122
483 0.9092433364791443
484 0.9109222058044137
485 0.9113574623711136
486 0.9108574386954486
487 0.9118468406770494
488 0.9110960473286993
489 0.9082410139311997
490 0.9068404798525732
491 0.9070923544513295
492 0.9093077785370153
493 0.9106858414873421
494 0.9091346033185348
495 0.9082514778007297
496 0.9083389497191122
497 0.9101537135980335
498 0.909185954835282
499 0.9091961704660794
500 0.9097585033463631
